\BOOKMARK [1][-]{section.1}{Lista\0403}{}% 1
\BOOKMARK [2][-]{subsection.1.1}{Q1}{section.1}% 2
\BOOKMARK [1][-]{section.2}{Q2}{}% 3
\BOOKMARK [2][-]{subsection.2.1}{Q3}{section.2}% 4
\BOOKMARK [1][-]{section.3}{Q4}{}% 5
\BOOKMARK [1][-]{section.4}{Q5}{}% 6
\BOOKMARK [2][-]{subsubsection.4.0.1}{a\)}{section.4}% 7
\BOOKMARK [3][-]{subsubsection.4.0.2}{b\)}{subsubsection.4.0.1}% 8
\BOOKMARK [2][-]{subsection.4.1}{c\)}{section.4}% 9
\BOOKMARK [3][-]{subsubsection.4.1.1}{d\)}{subsection.4.1}% 10
\BOOKMARK [2][-]{subsection.4.2}{Q6}{section.4}% 11
\BOOKMARK [2][-]{subsection.4.3}{Q7}{section.4}% 12
\BOOKMARK [2][-]{subsection.4.4}{Q8}{section.4}% 13
\BOOKMARK [2][-]{subsection.4.5}{Q9}{section.4}% 14
\BOOKMARK [3][-]{subsubsection.4.5.1}{a\)}{subsection.4.5}% 15
\BOOKMARK [3][-]{subsubsection.4.5.2}{b\)}{subsection.4.5}% 16
\BOOKMARK [3][-]{subsubsection.4.5.3}{c\)}{subsection.4.5}% 17
\BOOKMARK [2][-]{subsection.4.6}{Q10}{section.4}% 18
\BOOKMARK [2][-]{subsection.4.7}{Q11}{section.4}% 19
\BOOKMARK [3][-]{subsubsection.4.7.1}{a\)}{subsection.4.7}% 20
\BOOKMARK [3][-]{subsubsection.4.7.2}{b\)}{subsection.4.7}% 21
